Determining if the pthread_create exist failed with the following output:
Change Dir: /home/himanshu/Study/catkin_ws/src/husky_3d_slam/build/CMakeFiles/CMakeTmp

Run Build Command:"/usr/bin/ninja" "cmTC_b93ef"
[1/2] Building C object CMakeFiles/cmTC_b93ef.dir/CheckSymbolExists.c.o
[2/2] Linking C executable cmTC_b93ef
FAILED: : && /usr/bin/x86_64-linux-gnu-gcc-7     CMakeFiles/cmTC_b93ef.dir/CheckSymbolExists.c.o  -o cmTC_b93ef  -rdynamic && :
CMakeFiles/cmTC_b93ef.dir/CheckSymbolExists.c.o: In function `main':
CheckSymbolExists.c:(.text+0x16): undefined reference to `pthread_create'
collect2: error: ld returned 1 exit status
ninja: build stopped: subcommand failed.

File /home/himanshu/Study/catkin_ws/src/husky_3d_slam/build/CMakeFiles/CMakeTmp/CheckSymbolExists.c:
/* */
#include <pthread.h>

int main(int argc, char** argv)
{
  (void)argv;
#ifndef pthread_create
  return ((int*)(&pthread_create))[argc];
#else
  (void)argc;
  return 0;
#endif
}

Determining if the function pthread_create exists in the pthreads failed with the following output:
Change Dir: /home/himanshu/Study/catkin_ws/src/husky_3d_slam/build/CMakeFiles/CMakeTmp

Run Build Command:"/usr/bin/ninja" "cmTC_1ca5a"
[1/2] Building C object CMakeFiles/cmTC_1ca5a.dir/CheckFunctionExists.c.o
[2/2] Linking C executable cmTC_1ca5a
FAILED: : && /usr/bin/x86_64-linux-gnu-gcc-7  -DCHECK_FUNCTION_EXISTS=pthread_create   CMakeFiles/cmTC_1ca5a.dir/CheckFunctionExists.c.o  -o cmTC_1ca5a  -rdynamic -lpthreads && :
/usr/bin/ld: cannot find -lpthreads
collect2: error: ld returned 1 exit status
ninja: build stopped: subcommand failed.


